<?xml version="1.0" encoding="UTF-8"?>
<testsuite xmlns:xsi="http://www.w3.org/2001/XMLSchema-instance" xsi:noNamespaceSchemaLocation="https://maven.apache.org/surefire/maven-surefire-plugin/xsd/surefire-test-report-3.0.xsd" version="3.0" name="com.tidesdb.kafka.store.TidesDBStoreTest" time="7.426" tests="18" errors="0" skipped="0" failures="0">
  <properties>
[...]
</properties>
  <testcase name="testLargeValues" classname="com.tidesdb.kafka.store.TidesDBStoreTest" time="0.976">
    <system-err><![CDATA[[main] INFO com.tidesdb.kafka.store.TidesDBStore - Initializing TidesDB store 'test-store' at path: /tmp/junit9713240507699842205/test-store
[main] INFO com.tidesdb.kafka.store.TidesDBStore - TidesDB store 'test-store' initialized successfully
[main] INFO com.tidesdb.kafka.store.TidesDBStore - TidesDB store 'test-store' closed
]]></system-err>
  </testcase>
  <testcase name="testRangeIterator" classname="com.tidesdb.kafka.store.TidesDBStoreTest" time="0.379">
    <system-err><![CDATA[[main] INFO com.tidesdb.kafka.store.TidesDBStore - Initializing TidesDB store 'test-store' at path: /tmp/junit11992399531867839351/test-store
[main] INFO com.tidesdb.kafka.store.TidesDBStore - TidesDB store 'test-store' initialized successfully
[main] INFO com.tidesdb.kafka.store.TidesDBStore - TidesDB store 'test-store' closed
]]></system-err>
  </testcase>
  <testcase name="testUpdateExistingKey" classname="com.tidesdb.kafka.store.TidesDBStoreTest" time="0.375">
    <system-err><![CDATA[[main] INFO com.tidesdb.kafka.store.TidesDBStore - Initializing TidesDB store 'test-store' at path: /tmp/junit10091040488764081396/test-store
[main] INFO com.tidesdb.kafka.store.TidesDBStore - TidesDB store 'test-store' initialized successfully
[main] INFO com.tidesdb.kafka.store.TidesDBStore - TidesDB store 'test-store' closed
]]></system-err>
  </testcase>
  <testcase name="testGetNonExistent" classname="com.tidesdb.kafka.store.TidesDBStoreTest" time="0.361">
    <system-err><![CDATA[[main] INFO com.tidesdb.kafka.store.TidesDBStore - Initializing TidesDB store 'test-store' at path: /tmp/junit11737649857443347482/test-store
[main] INFO com.tidesdb.kafka.store.TidesDBStore - TidesDB store 'test-store' initialized successfully
[main] INFO com.tidesdb.kafka.store.TidesDBStore - TidesDB store 'test-store' closed
]]></system-err>
  </testcase>
  <testcase name="testFlush" classname="com.tidesdb.kafka.store.TidesDBStoreTest" time="0.372">
    <system-err><![CDATA[[main] INFO com.tidesdb.kafka.store.TidesDBStore - Initializing TidesDB store 'test-store' at path: /tmp/junit4653384642058294761/test-store
[main] INFO com.tidesdb.kafka.store.TidesDBStore - TidesDB store 'test-store' initialized successfully
[main] INFO com.tidesdb.kafka.store.TidesDBStore - TidesDB store 'test-store' closed
]]></system-err>
  </testcase>
  <testcase name="testPutAndGet" classname="com.tidesdb.kafka.store.TidesDBStoreTest" time="0.376">
    <system-err><![CDATA[[main] INFO com.tidesdb.kafka.store.TidesDBStore - Initializing TidesDB store 'test-store' at path: /tmp/junit11058258241778541741/test-store
[main] INFO com.tidesdb.kafka.store.TidesDBStore - TidesDB store 'test-store' initialized successfully
[main] INFO com.tidesdb.kafka.store.TidesDBStore - TidesDB store 'test-store' closed
]]></system-err>
  </testcase>
  <testcase name="testPutIfAbsent" classname="com.tidesdb.kafka.store.TidesDBStoreTest" time="0.38">
    <system-err><![CDATA[[main] INFO com.tidesdb.kafka.store.TidesDBStore - Initializing TidesDB store 'test-store' at path: /tmp/junit13808530559374404703/test-store
[main] INFO com.tidesdb.kafka.store.TidesDBStore - TidesDB store 'test-store' initialized successfully
[main] INFO com.tidesdb.kafka.store.TidesDBStore - TidesDB store 'test-store' closed
]]></system-err>
  </testcase>
  <testcase name="testEmptyIterator" classname="com.tidesdb.kafka.store.TidesDBStoreTest" time="0.365">
    <system-err><![CDATA[[main] INFO com.tidesdb.kafka.store.TidesDBStore - Initializing TidesDB store 'test-store' at path: /tmp/junit8825459509257006458/test-store
[main] INFO com.tidesdb.kafka.store.TidesDBStore - TidesDB store 'test-store' initialized successfully
[main] INFO com.tidesdb.kafka.store.TidesDBStore - TidesDB store 'test-store' closed
]]></system-err>
  </testcase>
  <testcase name="testPutNullValue" classname="com.tidesdb.kafka.store.TidesDBStoreTest" time="0.376">
    <system-err><![CDATA[[main] INFO com.tidesdb.kafka.store.TidesDBStore - Initializing TidesDB store 'test-store' at path: /tmp/junit11623248911308587235/test-store
[main] INFO com.tidesdb.kafka.store.TidesDBStore - TidesDB store 'test-store' initialized successfully
[main] INFO com.tidesdb.kafka.store.TidesDBStore - TidesDB store 'test-store' closed
]]></system-err>
  </testcase>
  <testcase name="testAllIterator" classname="com.tidesdb.kafka.store.TidesDBStoreTest" time="0.374">
    <system-err><![CDATA[[main] INFO com.tidesdb.kafka.store.TidesDBStore - Initializing TidesDB store 'test-store' at path: /tmp/junit87381526109368479/test-store
[main] INFO com.tidesdb.kafka.store.TidesDBStore - TidesDB store 'test-store' initialized successfully
[main] INFO com.tidesdb.kafka.store.TidesDBStore - TidesDB store 'test-store' closed
]]></system-err>
  </testcase>
  <testcase name="testInitialization" classname="com.tidesdb.kafka.store.TidesDBStoreTest" time="0.362">
    <system-err><![CDATA[[main] INFO com.tidesdb.kafka.store.TidesDBStore - Initializing TidesDB store 'test-store' at path: /tmp/junit16008379024497044820/test-store
[main] INFO com.tidesdb.kafka.store.TidesDBStore - TidesDB store 'test-store' initialized successfully
[main] INFO com.tidesdb.kafka.store.TidesDBStore - TidesDB store 'test-store' closed
]]></system-err>
  </testcase>
  <testcase name="testManyKeys" classname="com.tidesdb.kafka.store.TidesDBStoreTest" time="0.473">
    <system-err><![CDATA[[main] INFO com.tidesdb.kafka.store.TidesDBStore - Initializing TidesDB store 'test-store' at path: /tmp/junit3055678296554173719/test-store
[main] INFO com.tidesdb.kafka.store.TidesDBStore - TidesDB store 'test-store' initialized successfully
[main] INFO com.tidesdb.kafka.store.TidesDBStore - TidesDB store 'test-store' closed
]]></system-err>
  </testcase>
  <testcase name="testAccessClosedStore" classname="com.tidesdb.kafka.store.TidesDBStoreTest" time="0.363">
    <system-err><![CDATA[[main] INFO com.tidesdb.kafka.store.TidesDBStore - Initializing TidesDB store 'test-store' at path: /tmp/junit1598870189824154540/test-store
[main] INFO com.tidesdb.kafka.store.TidesDBStore - TidesDB store 'test-store' initialized successfully
[main] INFO com.tidesdb.kafka.store.TidesDBStore - TidesDB store 'test-store' closed
]]></system-err>
  </testcase>
  <testcase name="testDelete" classname="com.tidesdb.kafka.store.TidesDBStoreTest" time="0.378">
    <system-err><![CDATA[[main] INFO com.tidesdb.kafka.store.TidesDBStore - Initializing TidesDB store 'test-store' at path: /tmp/junit13960553435414002602/test-store
[main] INFO com.tidesdb.kafka.store.TidesDBStore - TidesDB store 'test-store' initialized successfully
[main] INFO com.tidesdb.kafka.store.TidesDBStore - TidesDB store 'test-store' closed
]]></system-err>
  </testcase>
  <testcase name="testPutAll" classname="com.tidesdb.kafka.store.TidesDBStoreTest" time="0.371">
    <system-err><![CDATA[[main] INFO com.tidesdb.kafka.store.TidesDBStore - Initializing TidesDB store 'test-store' at path: /tmp/junit2539706693109601048/test-store
[main] INFO com.tidesdb.kafka.store.TidesDBStore - TidesDB store 'test-store' initialized successfully
[main] INFO com.tidesdb.kafka.store.TidesDBStore - TidesDB store 'test-store' closed
]]></system-err>
  </testcase>
  <testcase name="testApproximateNumEntries" classname="com.tidesdb.kafka.store.TidesDBStoreTest" time="0.376">
    <system-err><![CDATA[[main] INFO com.tidesdb.kafka.store.TidesDBStore - Initializing TidesDB store 'test-store' at path: /tmp/junit850752151116841524/test-store
[main] INFO com.tidesdb.kafka.store.TidesDBStore - TidesDB store 'test-store' initialized successfully
[main] INFO com.tidesdb.kafka.store.TidesDBStore - TidesDB store 'test-store' closed
]]></system-err>
  </testcase>
  <testcase name="testNullKey" classname="com.tidesdb.kafka.store.TidesDBStoreTest" time="0.361">
    <system-err><![CDATA[[main] INFO com.tidesdb.kafka.store.TidesDBStore - Initializing TidesDB store 'test-store' at path: /tmp/junit13469821090123978657/test-store
[main] INFO com.tidesdb.kafka.store.TidesDBStore - TidesDB store 'test-store' initialized successfully
[main] INFO com.tidesdb.kafka.store.TidesDBStore - TidesDB store 'test-store' closed
]]></system-err>
  </testcase>
  <testcase name="testConcurrentReads" classname="com.tidesdb.kafka.store.TidesDBStoreTest" time="0.379">
    <system-err><![CDATA[[main] INFO com.tidesdb.kafka.store.TidesDBStore - Initializing TidesDB store 'test-store' at path: /tmp/junit10675463896511054913/test-store
[main] INFO com.tidesdb.kafka.store.TidesDBStore - TidesDB store 'test-store' initialized successfully
[main] INFO com.tidesdb.kafka.store.TidesDBStore - TidesDB store 'test-store' closed
]]></system-err>
  </testcase>
</testsuite>